生成启动时间为 2019/12/15 星期日 8:42:58。
     1>项目“C:\Users\Administrator\documents\visual studio 2010\Projects\CHJY_Ninth\CHJY_Ninth\CHJY_Ninth.vcxproj”在节点 2 上(build 个目标)。
     1>InitializeBuildStatus:
         正在创建“Debug\CHJY_Ninth.unsuccessfulbuild”，因为已指定“AlwaysCreate”。
       ClCompile:
         所有输出均为最新。
         所有输出均为最新。
       ResourceCompile:
         C:\Program Files (x86)\Microsoft SDKs\Windows\v7.0A\bin\rc.exe /D _DEBUG /D _UNICODE /D UNICODE /l"0x0804" /IDebug\ /nologo /fo"Debug\CHJY_Ninth.res" CHJY_Ninth.rc 
       ManifestResourceCompile:
         所有输出均为最新。
       Link:
         d:\vs\VC\bin\link.exe /ERRORREPORT:PROMPT /OUT:"C:\Users\Administrator\documents\visual studio 2010\Projects\CHJY_Ninth\Debug\CHJY_Ninth.exe" /INCREMENTAL /NOLOGO /MANIFEST /ManifestFile:"Debug\CHJY_Ninth.exe.intermediate.manifest" /MANIFESTUAC:"level='asInvoker' uiAccess='false'" /DEBUG /PDB:"C:\Users\Administrator\documents\visual studio 2010\Projects\CHJY_Ninth\Debug\CHJY_Ninth.pdb" /SUBSYSTEM:WINDOWS /TLBID:1 /ENTRY:"wWinMainCRTStartup" /DYNAMICBASE /NXCOMPAT /IMPLIB:"C:\Users\Administrator\documents\visual studio 2010\Projects\CHJY_Ninth\Debug\CHJY_Ninth.lib" /MACHINE:X86 Debug\CHJY_Ninth.res
         Debug\CHJY_Ninth.exe.embed.manifest.res
         Debug\BuyDlg.obj
         Debug\CHJY_Ninth.obj
         Debug\CHJY_NinthDlg.obj
         Debug\ComDlg.obj
         Debug\com_all_Dlg.obj
         Debug\FindDlg.obj
         Debug\HelDlg.obj
         Debug\LonDlg.obj
         Debug\LonDlg_1.obj
         Debug\MainDlg.obj
         Debug\RecDlg.obj
         Debug\stdafx.obj
       Manifest:
         C:\Program Files (x86)\Microsoft SDKs\Windows\v7.0A\bin\mt.exe /nologo /verbose /out:"Debug\CHJY_Ninth.exe.embed.manifest" /manifest Debug\CHJY_Ninth.exe.intermediate.manifest d:\vs\VC\Include\Manifest\dpiaware.manifest
         所有输出均为最新。
       LinkEmbedManifest:
         所有输出均为最新。
         CHJY_Ninth.vcxproj -> C:\Users\Administrator\documents\visual studio 2010\Projects\CHJY_Ninth\Debug\CHJY_Ninth.exe
       FinalizeBuildStatus:
         正在删除文件“Debug\CHJY_Ninth.unsuccessfulbuild”。
         正在对“Debug\CHJY_Ninth.lastbuildstate”执行 Touch 任务。
     1>已完成生成项目“C:\Users\Administrator\documents\visual studio 2010\Projects\CHJY_Ninth\CHJY_Ninth\CHJY_Ninth.vcxproj”(build 个目标)的操作。

生成成功。

已用时间 00:00:04.13
